[35m@flax/circuits:compile-circuits[0m: cache hit, replaying output [2m646ba37a8d17e778[0m
[35m@flax/circuits:compile-circuits: [0m[32m Compiling circuit "note"... [0m
[35m@flax/circuits:compile-circuits: [0m[32m Compiling circuit "note2"... [0m
[35m@flax/circuits:compile-circuits: [0m[32m Compiling circuit "sig"... [0m
[35m@flax/circuits:compile-circuits: [0m[32m Compiling circuit "spend"... [0m
[35m@flax/circuits:compile-circuits: [0m[32m Compiling circuit "send2"... [0m
[35m@flax/circuits:compile-circuits: [0m[32m Compiling circuit "tree"... [0m
[35m@flax/circuits:compile-circuits: [0m[0m[1m[38;5;9merror[P1000][0m[1m: Include not found: node_modules/circomlib/circuits/poseidon.circom[0m
[35m@flax/circuits:compile-circuits: [0m
[35m@flax/circuits:compile-circuits: [0m[31mprevious errors were found[0m
[35m@flax/circuits:compile-circuits: [0m
[35m@flax/circuits:compile-circuits: [0m[0m[1m[38;5;9merror[P1000][0m[1m: Include not found: node_modules/circomlib/circuits/poseidon.circom[0m
[35m@flax/circuits:compile-circuits: [0m
[35m@flax/circuits:compile-circuits: [0m[31mprevious errors were found[0m
[35m@flax/circuits:compile-circuits: [0m
[35m@flax/circuits:compile-circuits: [0m[0m[1m[38;5;9merror[P1000][0m[1m: Include not found: node_modules/circomlib/circuits/escalarmulany.circom[0m
[35m@flax/circuits:compile-circuits: [0m
[35m@flax/circuits:compile-circuits: [0m[31mprevious errors were found[0m
[35m@flax/circuits:compile-circuits: [0m
[35m@flax/circuits:compile-circuits: [0m[0m[1m[38;5;9merror[P1000][0m[1m: Include not found: node_modules/circomlib/circuits/babyjub.circom[0m
[35m@flax/circuits:compile-circuits: [0m
[35m@flax/circuits:compile-circuits: [0m[31mprevious errors were found[0m
[35m@flax/circuits:compile-circuits: [0m
[35m@flax/circuits:compile-circuits: [0m[31minvalid input file[0m
[35m@flax/circuits:compile-circuits: [0m[31mprevious errors were found[0m
[35m@flax/circuits:compile-circuits: [0m
[35m@flax/circuits:compile-circuits: [0m[0m[1m[38;5;9merror[P1000][0m[1m: Include not found: ../node_modules/circomlib/circuits/poseidon.circom[0m
[35m@flax/circuits:compile-circuits: [0m
[35m@flax/circuits:compile-circuits: [0m[31mprevious errors were found[0m
[35m@flax/circuits:compile-circuits: [0m
[35m@flax/circuits:compile-circuits: [0mCompilation took 76.33915400132537 milliseconds
[35m@flax/circuits:compile-circuits: [0mCompilation took 64.20654200017452 milliseconds
[35m@flax/circuits:compile-circuits: [0mCompilation took 52.83142499998212 milliseconds
[35m@flax/circuits:compile-circuits: [0mCompilation took 41.307965997606516 milliseconds
[35m@flax/circuits:compile-circuits: [0mCompilation took 30.850650999695063 milliseconds
[35m@flax/circuits:compile-circuits: [0mCompilation took 20.714526999741793 milliseconds
